

> @nam-ds/icons@0.1.0 build /Volumes/Dev1/nam-ds/packages/icons
> vite build

[36mvite v5.4.21 [32mbuilding for production...[36m[39m
[96msrc/base.stories.tsx[0m:[93m1[0m:[93m37[0m - [91merror[0m[90m TS2307: [0mCannot find module '@storybook/react' or its corresponding type declarations.

[7m1[0m import type { Meta, StoryObj } from '@storybook/react';
[7m [0m [91m                                    ~~~~~~~~~~~~~~~~~~[0m
[96msrc/base.stories.tsx[0m:[93m275[0m:[93m32[0m - [91merror[0m[90m TS2550: [0mProperty 'entries' does not exist on type 'ObjectConstructor'. Do you need to change your target library? Try changing the 'lib' compiler option to 'es2017' or later.

[7m275[0m     const iconEntries = Object.entries(Icons);
[7m   [0m [91m                               ~~~~~~~[0m
[96msrc/base.stories.tsx[0m:[93m279[0m:[93m28[0m - [91merror[0m[90m TS7031: [0mBinding element 'name' implicitly has an 'any' type.

[7m279[0m         {iconEntries.map(([name, IconComponent]) => (
[7m   [0m [91m                           ~~~~[0m
[96msrc/base.stories.tsx[0m:[93m279[0m:[93m34[0m - [91merror[0m[90m TS7031: [0mBinding element 'IconComponent' implicitly has an 'any' type.

[7m279[0m         {iconEntries.map(([name, IconComponent]) => (
[7m   [0m [91m                                 ~~~~~~~~~~~~~[0m
[96msrc/icons.stories.tsx[0m:[93m1[0m:[93m37[0m - [91merror[0m[90m TS2307: [0mCannot find module '@storybook/react' or its corresponding type declarations.

[7m1[0m import type { Meta, StoryObj } from '@storybook/react';
[7m [0m [91m                                    ~~~~~~~~~~~~~~~~~~[0m
[96msrc/icons.stories.tsx[0m:[93m55[0m:[93m12[0m - [91merror[0m[90m TS7006: [0mParameter 'args' implicitly has an 'any' type.

[7m55[0m   render: (args) => (
[7m  [0m [91m           ~~~~[0m
[96msrc/icons.stories.tsx[0m:[93m64[0m:[93m12[0m - [91merror[0m[90m TS7006: [0mParameter 'args' implicitly has an 'any' type.

[7m64[0m   render: (args) => (
[7m  [0m [91m           ~~~~[0m
[96msrc/icons.stories.tsx[0m:[93m73[0m:[93m12[0m - [91merror[0m[90m TS7006: [0mParameter 'args' implicitly has an 'any' type.

[7m73[0m   render: (args) => (
[7m  [0m [91m           ~~~~[0m
[96msrc/icons.stories.tsx[0m:[93m82[0m:[93m12[0m - [91merror[0m[90m TS7006: [0mParameter 'args' implicitly has an 'any' type.

[7m82[0m   render: (args) => (
[7m  [0m [91m           ~~~~[0m
[96msrc/icons.stories.tsx[0m:[93m91[0m:[93m12[0m - [91merror[0m[90m TS7006: [0mParameter 'args' implicitly has an 'any' type.

[7m91[0m   render: (args) => (
[7m  [0m [91m           ~~~~[0m
[96msrc/icons.stories.tsx[0m:[93m100[0m:[93m12[0m - [91merror[0m[90m TS7006: [0mParameter 'args' implicitly has an 'any' type.

[7m100[0m   render: (args) => (
[7m   [0m [91m           ~~~~[0m
[96msrc/icons.stories.tsx[0m:[93m109[0m:[93m12[0m - [91merror[0m[90m TS7006: [0mParameter 'args' implicitly has an 'any' type.

[7m109[0m   render: (args) => (
[7m   [0m [91m           ~~~~[0m
[96msrc/icons.stories.tsx[0m:[93m118[0m:[93m12[0m - [91merror[0m[90m TS7006: [0mParameter 'args' implicitly has an 'any' type.

[7m118[0m   render: (args) => (
[7m   [0m [91m           ~~~~[0m
[96msrc/icons.stories.tsx[0m:[93m127[0m:[93m12[0m - [91merror[0m[90m TS7006: [0mParameter 'args' implicitly has an 'any' type.

[7m127[0m   render: (args) => (
[7m   [0m [91m           ~~~~[0m
[96msrc/icons.stories.tsx[0m:[93m137[0m:[93m12[0m - [91merror[0m[90m TS7006: [0mParameter 'args' implicitly has an 'any' type.

[7m137[0m   render: (args) => (
[7m   [0m [91m           ~~~~[0m
[96msrc/icons.stories.tsx[0m:[93m146[0m:[93m12[0m - [91merror[0m[90m TS7006: [0mParameter 'args' implicitly has an 'any' type.

[7m146[0m   render: (args) => (
[7m   [0m [91m           ~~~~[0m
[96msrc/icons.stories.tsx[0m:[93m155[0m:[93m12[0m - [91merror[0m[90m TS7006: [0mParameter 'args' implicitly has an 'any' type.

[7m155[0m   render: (args) => (
[7m   [0m [91m           ~~~~[0m
[96msrc/icons.stories.tsx[0m:[93m164[0m:[93m12[0m - [91merror[0m[90m TS7006: [0mParameter 'args' implicitly has an 'any' type.

[7m164[0m   render: (args) => (
[7m   [0m [91m           ~~~~[0m
[96msrc/icons.stories.tsx[0m:[93m173[0m:[93m12[0m - [91merror[0m[90m TS7006: [0mParameter 'args' implicitly has an 'any' type.

[7m173[0m   render: (args) => (
[7m   [0m [91m           ~~~~[0m
[96msrc/icons.stories.tsx[0m:[93m182[0m:[93m12[0m - [91merror[0m[90m TS7006: [0mParameter 'args' implicitly has an 'any' type.

[7m182[0m   render: (args) => (
[7m   [0m [91m           ~~~~[0m
[96msrc/icons.stories.tsx[0m:[93m191[0m:[93m12[0m - [91merror[0m[90m TS7006: [0mParameter 'args' implicitly has an 'any' type.

[7m191[0m   render: (args) => (
[7m   [0m [91m           ~~~~[0m
[96msrc/icons.stories.tsx[0m:[93m201[0m:[93m12[0m - [91merror[0m[90m TS7006: [0mParameter 'args' implicitly has an 'any' type.

[7m201[0m   render: (args) => (
[7m   [0m [91m           ~~~~[0m
[96msrc/icons.stories.tsx[0m:[93m210[0m:[93m12[0m - [91merror[0m[90m TS7006: [0mParameter 'args' implicitly has an 'any' type.

[7m210[0m   render: (args) => (
[7m   [0m [91m           ~~~~[0m
[96msrc/icons.stories.tsx[0m:[93m219[0m:[93m12[0m - [91merror[0m[90m TS7006: [0mParameter 'args' implicitly has an 'any' type.

[7m219[0m   render: (args) => (
[7m   [0m [91m           ~~~~[0m
[96msrc/icons.stories.tsx[0m:[93m228[0m:[93m12[0m - [91merror[0m[90m TS7006: [0mParameter 'args' implicitly has an 'any' type.

[7m228[0m   render: (args) => (
[7m   [0m [91m           ~~~~[0m
[96msrc/icons.stories.tsx[0m:[93m237[0m:[93m12[0m - [91merror[0m[90m TS7006: [0mParameter 'args' implicitly has an 'any' type.

[7m237[0m   render: (args) => (
[7m   [0m [91m           ~~~~[0m
[96msrc/icons.stories.tsx[0m:[93m246[0m:[93m12[0m - [91merror[0m[90m TS7006: [0mParameter 'args' implicitly has an 'any' type.

[7m246[0m   render: (args) => (
[7m   [0m [91m           ~~~~[0m
[96msrc/icons.stories.tsx[0m:[93m256[0m:[93m12[0m - [91merror[0m[90m TS7006: [0mParameter 'args' implicitly has an 'any' type.

[7m256[0m   render: (args) => (
[7m   [0m [91m           ~~~~[0m
[96msrc/icons.stories.tsx[0m:[93m265[0m:[93m12[0m - [91merror[0m[90m TS7006: [0mParameter 'args' implicitly has an 'any' type.

[7m265[0m   render: (args) => (
[7m   [0m [91m           ~~~~[0m
[96msrc/icons.stories.tsx[0m:[93m274[0m:[93m12[0m - [91merror[0m[90m TS7006: [0mParameter 'args' implicitly has an 'any' type.

[7m274[0m   render: (args) => (
[7m   [0m [91m           ~~~~[0m
[96msrc/icons.stories.tsx[0m:[93m283[0m:[93m12[0m - [91merror[0m[90m TS7006: [0mParameter 'args' implicitly has an 'any' type.

[7m283[0m   render: (args) => (
[7m   [0m [91m           ~~~~[0m
[96msrc/icons.stories.tsx[0m:[93m292[0m:[93m12[0m - [91merror[0m[90m TS7006: [0mParameter 'args' implicitly has an 'any' type.

[7m292[0m   render: (args) => (
[7m   [0m [91m           ~~~~[0m
[96msrc/icons.stories.tsx[0m:[93m301[0m:[93m12[0m - [91merror[0m[90m TS7006: [0mParameter 'args' implicitly has an 'any' type.

[7m301[0m   render: (args) => (
[7m   [0m [91m           ~~~~[0m
[96msrc/icons.stories.tsx[0m:[93m310[0m:[93m12[0m - [91merror[0m[90m TS7006: [0mParameter 'args' implicitly has an 'any' type.

[7m310[0m   render: (args) => (
[7m   [0m [91m           ~~~~[0m
[96msrc/icons.stories.tsx[0m:[93m319[0m:[93m12[0m - [91merror[0m[90m TS7006: [0mParameter 'args' implicitly has an 'any' type.

[7m319[0m   render: (args) => (
[7m   [0m [91m           ~~~~[0m
[96msrc/icons.stories.tsx[0m:[93m328[0m:[93m12[0m - [91merror[0m[90m TS7006: [0mParameter 'args' implicitly has an 'any' type.

[7m328[0m   render: (args) => (
[7m   [0m [91m           ~~~~[0m
[96msrc/icons.stories.tsx[0m:[93m337[0m:[93m12[0m - [91merror[0m[90m TS7006: [0mParameter 'args' implicitly has an 'any' type.

[7m337[0m   render: (args) => (
[7m   [0m [91m           ~~~~[0m

[2K[1Gtransforming (1) [2msrc/index.ts[22m[2K[1G[32m✓[39m 14 modules transformed.
[2K[1Grendering chunks (1)...[2K[1G[32m
[36m[vite:dts][32m Start generate declaration files...[39m
[2K[1Gcomputing gzip size (0)...[2K[1Gcomputing gzip size (1)...[2K[1G[2mdist/[22m[36mindex.es.js  [39m[1m[2m14.09 kB[22m[1m[22m[2m │ gzip: 4.81 kB[22m[2m │ map: 35.89 kB[22m
[32m[36m[vite:dts][32m Declaration files built in 806ms.
[39m
[2K[1Grendering chunks (1)...[2K[1G[2K[1Gcomputing gzip size (1)...[2K[1G[2mdist/[22m[36mindex.cjs.js  [39m[1m[2m10.15 kB[22m[1m[22m[2m │ gzip: 4.06 kB[22m[2m │ map: 34.89 kB[22m
[32m✓ built in 963ms[39m
